Build started 03/03/2013 11:35:07 p.m..
     1>Project "C:\Users\Chivarecords\Dropbox\Chivarecords\Escuela\CETI\Vision artificial\VA213A\VALib\VALib.vcxproj" on node 2 (build target(s)).
     1>InitializeBuildStatus:
         Touching "Debug\VALib.unsuccessfulbuild".
       ClCompile:
         All outputs are up-to-date.
         C:\Program Files (x86)\Microsoft Visual Studio 10.0\VC\bin\CL.exe /c /ZI /nologo /W3 /WX- /Od /Oy- /D WIN32 /D _DEBUG /D _LIB /D _UNICODE /D UNICODE /Gm /EHsc /RTC1 /MDd /GS /fp:precise /Zc:wchar_t /Zc:forScope /Yu"StdAfx.h" /Fp"Debug\VALib.pch" /Fo"Debug\\" /Fd"Debug\vc100.pdb" /Gd /TP /analyze- /errorReport:prompt DX11Manager.cpp
         DX11Manager.cpp
     1>cl : Command line warning D9028: minimal rebuild failure, reverting to normal build
       Lib:
         C:\Program Files (x86)\Microsoft Visual Studio 10.0\VC\bin\Lib.exe /OUT:"C:\Users\Chivarecords\Dropbox\Chivarecords\Escuela\CETI\Vision artificial\VA213A\Debug\VALib.lib" /NOLOGO Debug\DX11Manager.obj
         Debug\DX11TexturePool.obj
         Debug\DXGIManager.obj
         Debug\GPUView.obj
         Debug\stdafx.obj
         Debug\TexturePool.obj
         Debug\VAImagen.obj
         VALib.vcxproj -> C:\Users\Chivarecords\Dropbox\Chivarecords\Escuela\CETI\Vision artificial\VA213A\Debug\VALib.lib
       FinalizeBuildStatus:
         Deleting file "Debug\VALib.unsuccessfulbuild".
         Touching "Debug\VALib.lastbuildstate".
     1>Done Building Project "C:\Users\Chivarecords\Dropbox\Chivarecords\Escuela\CETI\Vision artificial\VA213A\VALib\VALib.vcxproj" (build target(s)).

Build succeeded.

Time Elapsed 00:00:13.30
