Build started 12/06/2013 01:04:07 a.m..
     1>Project "C:\Users\Chivarecords\Desktop\VA213A\VA213A\VA213A.vcxproj" on node 2 (build target(s)).
     1>InitializeBuildStatus:
         Creating "Debug\VA213A.unsuccessfulbuild" because "AlwaysCreate" was specified.
       ClCompile:
         All outputs are up-to-date.
         c:\Program Files (x86)\Microsoft Visual Studio 10.0\VC\bin\CL.exe /c /ZI /nologo /W3 /WX- /Od /Oy- /D WIN32 /D _DEBUG /D _WINDOWS /D _UNICODE /D UNICODE /Gm /EHsc /RTC1 /MDd /GS /fp:precise /Zc:wchar_t /Zc:forScope /Yu"StdAfx.h" /Fp"Debug\VA213A.pch" /Fo"Debug\\" /Fd"Debug\vc100.pdb" /Gd /TP /analyze- /errorReport:prompt VA213A.cpp
         VA213A.cpp
     1>c:\program files (x86)\microsoft visual studio 10.0\vc\include\cstdio(48): warning C4995: 'gets': name was marked as #pragma deprecated
     1>c:\program files (x86)\microsoft visual studio 10.0\vc\include\cstdio(52): warning C4995: 'sprintf': name was marked as #pragma deprecated
     1>c:\program files (x86)\microsoft visual studio 10.0\vc\include\cstdio(55): warning C4995: 'vsprintf': name was marked as #pragma deprecated
     1>c:\program files (x86)\microsoft visual studio 10.0\vc\include\cstring(21): warning C4995: 'strcat': name was marked as #pragma deprecated
     1>c:\program files (x86)\microsoft visual studio 10.0\vc\include\cstring(22): warning C4995: 'strcpy': name was marked as #pragma deprecated
     1>c:\program files (x86)\microsoft visual studio 10.0\vc\include\cwchar(30): warning C4995: 'swprintf': name was marked as #pragma deprecated
     1>c:\program files (x86)\microsoft visual studio 10.0\vc\include\cwchar(31): warning C4995: 'vswprintf': name was marked as #pragma deprecated
     1>c:\program files (x86)\microsoft visual studio 10.0\vc\include\cwchar(33): warning C4995: 'wcscat': name was marked as #pragma deprecated
     1>c:\program files (x86)\microsoft visual studio 10.0\vc\include\cwchar(35): warning C4995: 'wcscpy': name was marked as #pragma deprecated
     1>c:\program files (x86)\microsoft visual studio 10.0\vc\include\intrin.h(1092): warning C4995: 'wcscat': name was marked as #pragma deprecated
     1>c:\program files (x86)\microsoft visual studio 10.0\vc\include\intrin.h(1094): warning C4995: 'wcscpy': name was marked as #pragma deprecated
     1>c:\program files (x86)\microsoft visual studio 10.0\vc\include\string(757): warning C4995: 'swprintf': name was marked as #pragma deprecated
     1>c:\program files (x86)\microsoft visual studio 10.0\vc\include\string(766): warning C4995: 'swprintf': name was marked as #pragma deprecated
     1>c:\program files (x86)\microsoft visual studio 10.0\vc\include\string(775): warning C4995: 'swprintf': name was marked as #pragma deprecated
     1>c:\users\chivarecords\desktop\va213a\va213a\va213a.cpp(542): warning C4244: 'initializing' : conversion from 'double' to 'int', possible loss of data
     1>c:\users\chivarecords\desktop\va213a\va213a\va213a.cpp(971): warning C4305: '-=' : truncation from 'double' to 'float'
     1>c:\users\chivarecords\desktop\va213a\va213a\va213a.cpp(973): warning C4305: '=' : truncation from 'double' to 'float'
     1>c:\users\chivarecords\desktop\va213a\va213a\va213a.cpp(976): warning C4305: '+=' : truncation from 'double' to 'float'
     1>c:\users\chivarecords\desktop\va213a\va213a\va213a.cpp(979): warning C4305: '-=' : truncation from 'double' to 'float'
     1>c:\users\chivarecords\desktop\va213a\va213a\va213a.cpp(983): warning C4305: '+=' : truncation from 'double' to 'float'
     1>c:\users\chivarecords\desktop\va213a\va213a\va213a.cpp(1604): warning C4244: '=' : conversion from 'double' to 'float', possible loss of data
     1>c:\users\chivarecords\desktop\va213a\va213a\va213a.cpp(1606): warning C4244: '=' : conversion from 'double' to 'float', possible loss of data
     1>c:\users\chivarecords\desktop\va213a\va213a\va213a.cpp(1608): warning C4244: '=' : conversion from 'double' to 'float', possible loss of data
     1>c:\users\chivarecords\desktop\va213a\va213a\va213a.cpp(1610): warning C4244: '=' : conversion from 'double' to 'float', possible loss of data
     1>c:\users\chivarecords\desktop\va213a\va213a\va213a.cpp(1612): warning C4244: '=' : conversion from 'double' to 'float', possible loss of data
     1>c:\users\chivarecords\desktop\va213a\va213a\va213a.cpp(1614): warning C4244: '=' : conversion from 'double' to 'float', possible loss of data
     1>c:\users\chivarecords\desktop\va213a\va213a\va213a.cpp(1616): warning C4244: '=' : conversion from 'double' to 'float', possible loss of data
     1>c:\users\chivarecords\desktop\va213a\va213a\va213a.cpp(1618): warning C4244: '=' : conversion from 'double' to 'float', possible loss of data
     1>c:\users\chivarecords\desktop\va213a\va213a\va213a.cpp(1620): warning C4244: '=' : conversion from 'double' to 'float', possible loss of data
     1>c:\users\chivarecords\desktop\va213a\va213a\va213a.cpp(1628): warning C4244: '=' : conversion from 'double' to 'float', possible loss of data
     1>c:\users\chivarecords\desktop\va213a\va213a\va213a.cpp(1630): warning C4244: '=' : conversion from 'double' to 'float', possible loss of data
     1>c:\users\chivarecords\desktop\va213a\va213a\va213a.cpp(1632): warning C4244: '=' : conversion from 'double' to 'float', possible loss of data
     1>c:\users\chivarecords\desktop\va213a\va213a\va213a.cpp(1634): warning C4244: '=' : conversion from 'double' to 'float', possible loss of data
     1>c:\users\chivarecords\desktop\va213a\va213a\va213a.cpp(1640): warning C4244: 'argument' : conversion from 'double' to 'FLOAT', possible loss of data
     1>c:\users\chivarecords\desktop\va213a\va213a\va213a.cpp(1698): warning C4800: 'LRESULT' : forcing value to bool 'true' or 'false' (performance warning)
     1>c:\users\chivarecords\desktop\va213a\va213a\va213a.cpp(1718): warning C4800: 'LRESULT' : forcing value to bool 'true' or 'false' (performance warning)
     1>c:\users\chivarecords\desktop\va213a\va213a\va213a.cpp(1730): warning C4800: 'LRESULT' : forcing value to bool 'true' or 'false' (performance warning)
     1>c:\users\chivarecords\desktop\va213a\va213a\va213a.cpp(1736): warning C4244: '=' : conversion from 'double' to 'float', possible loss of data
     1>c:\users\chivarecords\desktop\va213a\va213a\va213a.cpp(1739): warning C4800: 'LRESULT' : forcing value to bool 'true' or 'false' (performance warning)
       ResourceCompile:
         All outputs are up-to-date.
       ManifestResourceCompile:
         All outputs are up-to-date.
       Link:
         c:\Program Files (x86)\Microsoft Visual Studio 10.0\VC\bin\link.exe /ERRORREPORT:PROMPT /OUT:"C:\Users\Chivarecords\Desktop\VA213A\Debug\VA213A.exe" /INCREMENTAL /NOLOGO ..\Debug\VALib.lib d3d11.lib d3dx11.lib d3dx10.lib dxguid.lib ..\VideoCapture\AtWareVC32lib.lib kernel32.lib user32.lib gdi32.lib winspool.lib comdlg32.lib advapi32.lib shell32.lib ole32.lib oleaut32.lib uuid.lib odbc32.lib odbccp32.lib /MANIFEST /ManifestFile:"Debug\VA213A.exe.intermediate.manifest" /MANIFESTUAC:"level='asInvoker' uiAccess='false'" /DEBUG /PDB:"C:\Users\Chivarecords\Desktop\VA213A\Debug\VA213A.pdb" /SUBSYSTEM:WINDOWS /TLBID:1 /DYNAMICBASE /NXCOMPAT /IMPLIB:"C:\Users\Chivarecords\Desktop\VA213A\Debug\VA213A.lib" /MACHINE:X86 Debug\VA213A.res
         Debug\VA213A.exe.embed.manifest.res
         Debug\Capture.obj
         Debug\stdafx.obj
         Debug\VA213A.obj
       Manifest:
         C:\Program Files (x86)\Microsoft SDKs\Windows\v7.0A\bin\mt.exe /nologo /verbose /out:"Debug\VA213A.exe.embed.manifest" /manifest Debug\VA213A.exe.intermediate.manifest
         All outputs are up-to-date.
       LinkEmbedManifest:
         All outputs are up-to-date.
         VA213A.vcxproj -> C:\Users\Chivarecords\Desktop\VA213A\Debug\VA213A.exe
       FinalizeBuildStatus:
         Deleting file "Debug\VA213A.unsuccessfulbuild".
         Touching "Debug\VA213A.lastbuildstate".
     1>Done Building Project "C:\Users\Chivarecords\Desktop\VA213A\VA213A\VA213A.vcxproj" (build target(s)).

Build succeeded.

Time Elapsed 00:00:03.39
