Build started 03/03/2013 11:35:54 p.m..
     1>Project "C:\Users\Chivarecords\Dropbox\Chivarecords\Escuela\CETI\Vision artificial\VA213A\VA213A\VA213A.vcxproj" on node 2 (build target(s)).
     1>InitializeBuildStatus:
         Creating "Debug\VA213A.unsuccessfulbuild" because "AlwaysCreate" was specified.
       ClCompile:
         All outputs are up-to-date.
         All outputs are up-to-date.
       ResourceCompile:
         All outputs are up-to-date.
       ManifestResourceCompile:
         All outputs are up-to-date.
       Link:
         C:\Program Files (x86)\Microsoft Visual Studio 10.0\VC\bin\link.exe /ERRORREPORT:PROMPT /OUT:"C:\Users\Chivarecords\Dropbox\Chivarecords\Escuela\CETI\Vision artificial\VA213A\Debug\VA213A.exe" /INCREMENTAL /NOLOGO ..\Debug\VALib.lib d3d11.lib d3dx11.lib dxguid.lib kernel32.lib user32.lib gdi32.lib winspool.lib comdlg32.lib advapi32.lib shell32.lib ole32.lib oleaut32.lib uuid.lib odbc32.lib odbccp32.lib /MANIFEST /ManifestFile:"Debug\VA213A.exe.intermediate.manifest" /MANIFESTUAC:"level='asInvoker' uiAccess='false'" /DEBUG /PDB:"C:\Users\Chivarecords\Dropbox\Chivarecords\Escuela\CETI\Vision artificial\VA213A\Debug\VA213A.pdb" /SUBSYSTEM:WINDOWS /TLBID:1 /DYNAMICBASE /NXCOMPAT /IMPLIB:"C:\Users\Chivarecords\Dropbox\Chivarecords\Escuela\CETI\Vision artificial\VA213A\Debug\VA213A.lib" /MACHINE:X86 Debug\VA213A.res
         Debug\VA213A.exe.embed.manifest.res
         Debug\stdafx.obj
         Debug\VA213A.obj
       Manifest:
         C:\Program Files (x86)\Microsoft SDKs\Windows\v7.0A\bin\mt.exe /nologo /verbose /out:"Debug\VA213A.exe.embed.manifest" /manifest Debug\VA213A.exe.intermediate.manifest
         All outputs are up-to-date.
       LinkEmbedManifest:
         All outputs are up-to-date.
         VA213A.vcxproj -> C:\Users\Chivarecords\Dropbox\Chivarecords\Escuela\CETI\Vision artificial\VA213A\Debug\VA213A.exe
       FinalizeBuildStatus:
         Deleting file "Debug\VA213A.unsuccessfulbuild".
         Touching "Debug\VA213A.lastbuildstate".
     1>Done Building Project "C:\Users\Chivarecords\Dropbox\Chivarecords\Escuela\CETI\Vision artificial\VA213A\VA213A\VA213A.vcxproj" (build target(s)).

Build succeeded.

Time Elapsed 00:00:01.70
