C:\USERS\CHIVARECORDS\DROPBOX\CHIVARECORDS\ESCUELA\CETI\VISION ARTIFICIAL\PROYECTO\VA213A\RELEASE\VA213A.EXE
C:\USERS\CHIVARECORDS\DROPBOX\CHIVARECORDS\ESCUELA\CETI\VISION ARTIFICIAL\PROYECTO\VA213A\RELEASE\VA213A.PDB
C:\USERS\CHIVARECORDS\DROPBOX\CHIVARECORDS\ESCUELA\CETI\VISION ARTIFICIAL\PROYECTO\VA213A\VA213A\RELEASE\CAPTURE.OBJ
C:\Users\Chivarecords\Dropbox\Chivarecords\Escuela\CETI\Vision artificial\Proyecto\VA213A\VA213A\Release\cl.command.1.tlog
C:\Users\Chivarecords\Dropbox\Chivarecords\Escuela\CETI\Vision artificial\Proyecto\VA213A\VA213A\Release\CL.read.1.tlog
C:\Users\Chivarecords\Dropbox\Chivarecords\Escuela\CETI\Vision artificial\Proyecto\VA213A\VA213A\Release\CL.write.1.tlog
C:\Users\Chivarecords\Dropbox\Chivarecords\Escuela\CETI\Vision artificial\Proyecto\VA213A\VA213A\Release\link.command.1.tlog
C:\Users\Chivarecords\Dropbox\Chivarecords\Escuela\CETI\Vision artificial\Proyecto\VA213A\VA213A\Release\link.read.1.tlog
C:\Users\Chivarecords\Dropbox\Chivarecords\Escuela\CETI\Vision artificial\Proyecto\VA213A\VA213A\Release\link.write.1.tlog
C:\Users\Chivarecords\Dropbox\Chivarecords\Escuela\CETI\Vision artificial\Proyecto\VA213A\VA213A\Release\link-cvtres.read.1.tlog
C:\Users\Chivarecords\Dropbox\Chivarecords\Escuela\CETI\Vision artificial\Proyecto\VA213A\VA213A\Release\link-cvtres.write.1.tlog
C:\Users\Chivarecords\Dropbox\Chivarecords\Escuela\CETI\Vision artificial\Proyecto\VA213A\VA213A\Release\mt.command.1.tlog
C:\Users\Chivarecords\Dropbox\Chivarecords\Escuela\CETI\Vision artificial\Proyecto\VA213A\VA213A\Release\mt.read.1.tlog
C:\Users\Chivarecords\Dropbox\Chivarecords\Escuela\CETI\Vision artificial\Proyecto\VA213A\VA213A\Release\mt.read.2.tlog
C:\Users\Chivarecords\Dropbox\Chivarecords\Escuela\CETI\Vision artificial\Proyecto\VA213A\VA213A\Release\mt.write.1.tlog
C:\Users\Chivarecords\Dropbox\Chivarecords\Escuela\CETI\Vision artificial\Proyecto\VA213A\VA213A\Release\rc.command.1.tlog
C:\Users\Chivarecords\Dropbox\Chivarecords\Escuela\CETI\Vision artificial\Proyecto\VA213A\VA213A\Release\rc.read.1.tlog
C:\Users\Chivarecords\Dropbox\Chivarecords\Escuela\CETI\Vision artificial\Proyecto\VA213A\VA213A\Release\rc.write.1.tlog
C:\USERS\CHIVARECORDS\DROPBOX\CHIVARECORDS\ESCUELA\CETI\VISION ARTIFICIAL\PROYECTO\VA213A\VA213A\RELEASE\STDAFX.OBJ
C:\USERS\CHIVARECORDS\DROPBOX\CHIVARECORDS\ESCUELA\CETI\VISION ARTIFICIAL\PROYECTO\VA213A\VA213A\RELEASE\VA213A.EXE.INTERMEDIATE.MANIFEST
C:\USERS\CHIVARECORDS\DROPBOX\CHIVARECORDS\ESCUELA\CETI\VISION ARTIFICIAL\PROYECTO\VA213A\VA213A\RELEASE\VA213A.OBJ
C:\USERS\CHIVARECORDS\DROPBOX\CHIVARECORDS\ESCUELA\CETI\VISION ARTIFICIAL\PROYECTO\VA213A\VA213A\RELEASE\VA213A.PCH
C:\USERS\CHIVARECORDS\DROPBOX\CHIVARECORDS\ESCUELA\CETI\VISION ARTIFICIAL\PROYECTO\VA213A\VA213A\RELEASE\VA213A.RES
C:\Users\Chivarecords\Dropbox\Chivarecords\Escuela\CETI\Vision artificial\Proyecto\VA213A\VA213A\Release\VA213A.write.1.tlog
C:\USERS\CHIVARECORDS\DROPBOX\CHIVARECORDS\ESCUELA\CETI\VISION ARTIFICIAL\PROYECTO\VA213A\VA213A\RELEASE\VC100.PDB
C:\USERS\USUARIO\DROPBOX\CHIVARECORDS\ESCUELA\CETI\VA213A\RELEASE\VA213A.EXE
C:\USERS\USUARIO\DROPBOX\CHIVARECORDS\ESCUELA\CETI\VA213A\RELEASE\VA213A.PDB
C:\USERS\USUARIO\DROPBOX\CHIVARECORDS\ESCUELA\CETI\VA213A\VA213A\RELEASE\STDAFX.OBJ
C:\USERS\USUARIO\DROPBOX\CHIVARECORDS\ESCUELA\CETI\VA213A\VA213A\RELEASE\VA213A.EXE.INTERMEDIATE.MANIFEST
C:\USERS\USUARIO\DROPBOX\CHIVARECORDS\ESCUELA\CETI\VA213A\VA213A\RELEASE\VA213A.OBJ
C:\USERS\USUARIO\DROPBOX\CHIVARECORDS\ESCUELA\CETI\VA213A\VA213A\RELEASE\VA213A.PCH
C:\USERS\USUARIO\DROPBOX\CHIVARECORDS\ESCUELA\CETI\VA213A\VA213A\RELEASE\VA213A.RES
C:\USERS\USUARIO\DROPBOX\CHIVARECORDS\ESCUELA\CETI\VA213A\VA213A\RELEASE\VC100.PDB
