C:\USERS\CHIVARECORDS\DROPBOX\CHIVARECORDS\ESCUELA\CETI\VISION ARTIFICIAL\PROYECTO\VA213A\RELEASE\VALIB.LIB
C:\Users\Chivarecords\Dropbox\Chivarecords\Escuela\CETI\Vision artificial\Proyecto\VA213A\VALib\Release\cl.command.1.tlog
C:\Users\Chivarecords\Dropbox\Chivarecords\Escuela\CETI\Vision artificial\Proyecto\VA213A\VALib\Release\CL.read.1.tlog
C:\Users\Chivarecords\Dropbox\Chivarecords\Escuela\CETI\Vision artificial\Proyecto\VA213A\VALib\Release\CL.write.1.tlog
C:\USERS\CHIVARECORDS\DROPBOX\CHIVARECORDS\ESCUELA\CETI\VISION ARTIFICIAL\PROYECTO\VA213A\VALIB\RELEASE\DX11MANAGER.OBJ
C:\USERS\CHIVARECORDS\DROPBOX\CHIVARECORDS\ESCUELA\CETI\VISION ARTIFICIAL\PROYECTO\VA213A\VALIB\RELEASE\DX11TEXTUREPOOL.OBJ
C:\USERS\CHIVARECORDS\DROPBOX\CHIVARECORDS\ESCUELA\CETI\VISION ARTIFICIAL\PROYECTO\VA213A\VALIB\RELEASE\DXGIMANAGER.OBJ
C:\USERS\CHIVARECORDS\DROPBOX\CHIVARECORDS\ESCUELA\CETI\VISION ARTIFICIAL\PROYECTO\VA213A\VALIB\RELEASE\GPUVIEW.OBJ
C:\Users\Chivarecords\Dropbox\Chivarecords\Escuela\CETI\Vision artificial\Proyecto\VA213A\VALib\Release\lib.command.1.tlog
C:\Users\Chivarecords\Dropbox\Chivarecords\Escuela\CETI\Vision artificial\Proyecto\VA213A\VALib\Release\Lib-link.read.1.tlog
C:\Users\Chivarecords\Dropbox\Chivarecords\Escuela\CETI\Vision artificial\Proyecto\VA213A\VALib\Release\Lib-link.write.1.tlog
C:\USERS\CHIVARECORDS\DROPBOX\CHIVARECORDS\ESCUELA\CETI\VISION ARTIFICIAL\PROYECTO\VA213A\VALIB\RELEASE\STDAFX.OBJ
C:\USERS\CHIVARECORDS\DROPBOX\CHIVARECORDS\ESCUELA\CETI\VISION ARTIFICIAL\PROYECTO\VA213A\VALIB\RELEASE\TEXTUREPOOL.OBJ
C:\USERS\CHIVARECORDS\DROPBOX\CHIVARECORDS\ESCUELA\CETI\VISION ARTIFICIAL\PROYECTO\VA213A\VALIB\RELEASE\VAIMAGEN.OBJ
C:\USERS\CHIVARECORDS\DROPBOX\CHIVARECORDS\ESCUELA\CETI\VISION ARTIFICIAL\PROYECTO\VA213A\VALIB\RELEASE\VALIB.PCH
C:\Users\Chivarecords\Dropbox\Chivarecords\Escuela\CETI\Vision artificial\Proyecto\VA213A\VALib\Release\VALib.vcxprojResolveAssemblyReference.cache
C:\Users\Chivarecords\Dropbox\Chivarecords\Escuela\CETI\Vision artificial\Proyecto\VA213A\VALib\Release\VALib.write.1.tlog
C:\USERS\CHIVARECORDS\DROPBOX\CHIVARECORDS\ESCUELA\CETI\VISION ARTIFICIAL\PROYECTO\VA213A\VALIB\RELEASE\VC100.PDB
C:\USERS\USUARIO\DROPBOX\CHIVARECORDS\ESCUELA\CETI\VA213A\RELEASE\VALIB.LIB
C:\USERS\USUARIO\DROPBOX\CHIVARECORDS\ESCUELA\CETI\VA213A\VALIB\RELEASE\STDAFX.OBJ
C:\USERS\USUARIO\DROPBOX\CHIVARECORDS\ESCUELA\CETI\VA213A\VALIB\RELEASE\VAIMAGEN.OBJ
C:\USERS\USUARIO\DROPBOX\CHIVARECORDS\ESCUELA\CETI\VA213A\VALIB\RELEASE\VALIB.PCH
C:\USERS\USUARIO\DROPBOX\CHIVARECORDS\ESCUELA\CETI\VA213A\VALIB\RELEASE\VC100.PDB
